#
# A fatal error has been detected by the Java Runtime Environment:
#
#  EXCEPTION_ACCESS_VIOLATION (0xc0000005) at pc=0x7013757e, pid=2688, tid=0x00002afc
#
# JRE version: Java(TM) SE Runtime Environment (8.0_191-b12) (build 1.8.0_191-b12)
# Java VM: Java HotSpot(TM) Client VM (25.191-b12 mixed mode windows-x86 )
# Problematic frame:
# V  [jvm.dll+0xe757e]
#
# Failed to write core dump. Minidumps are not enabled by default on client versions of Windows
#
# If you would like to submit a bug report, please visit:
#   http://bugreport.java.com/bugreport/crash.jsp
#

---------------  T H R E A D  ---------------

Current thread (0x29241000):  JavaThread "EventThread COM3" [_thread_in_vm, id=11004, stack(0x037b0000,0x03800000)]

siginfo: ExceptionCode=0xc0000005, reading address 0x00000000

Registers:
EAX=0x00000000, EBX=0x2c03a188, ECX=0x29241000, EDX=0x0000009f
ESP=0x037fdffc, EBP=0x037fe018, ESI=0x00000000, EDI=0x29241000
EIP=0x7013757e, EFLAGS=0x00010246

Top of Stack: (sp=0x037fdffc)
0x037fdffc:   037fe034 29241140 2c03a188 29241000
0x037fe00c:   28f27b54 0000009f 70335568 037ff818
0x037fe01c:   6400183d 29241140 00000000 00000000
0x037fe02c:   00001792 037fe034 6f6f4c0a 74692070
0x037fe03c:   74617265 206e6f69 706d6f63 6574656c
0x037fe04c:   4c0a0d2e 20706f6f 72657469 6f697461
0x037fe05c:   6f63206e 656c706d 0d2e6574 6f6f4c0a
0x037fe06c:   74692070 74617265 206e6f69 706d6f63 

Instructions: (pc=0x7013757e)
0x7013755e:   c4 08 83 7f 04 00 89 7d f0 c7 45 f4 00 00 00 00
0x7013756e:   74 08 8d 4d f0 e8 e8 34 0c 00 8b 75 10 8b 45 0c
0x7013757e:   8b 10 85 f6 78 32 8b 45 14 85 c0 78 2b 8d 0c 06
0x7013758e:   3b 4a 08 77 23 85 c0 7e 3b 8b 4a 04 8b 49 04 83 


Register to memory mapping:

EAX=0x00000000 is an unknown value
EBX=0x2c03a188 is an unknown value
ECX=0x29241000 is a thread
EDX=0x0000009f is an unknown value
ESP=0x037fdffc is pointing into the stack for thread: 0x29241000
EBP=0x037fe018 is pointing into the stack for thread: 0x29241000
ESI=0x00000000 is an unknown value
EDI=0x29241000 is a thread


Stack: [0x037b0000,0x03800000],  sp=0x037fdffc,  free space=311k
Native frames: (J=compiled Java code, j=interpreted, Vv=VM code, C=native code)
V  [jvm.dll+0xe757e]
C  [jSSC-2.8_x86.dll+0x183d]
J 6119  jssc.SerialNativeInterface.readBytes(JI)[B (0 bytes) @ 0x04190fa5 [0x04190f10+0x95]
J 6707% C1 jssc.SerialPort$EventThread.run()V (84 bytes) @ 0x03d983e0 [0x03d98110+0x2d0]
v  ~StubRoutines::call_stub
V  [jvm.dll+0x15c315]
V  [jvm.dll+0x223ece]
V  [jvm.dll+0x15c3ae]
V  [jvm.dll+0x15c536]
V  [jvm.dll+0x15c5a7]
V  [jvm.dll+0x1002ef]
V  [jvm.dll+0x17f550]
V  [jvm.dll+0x17fdca]
V  [jvm.dll+0x1c57a6]
C  [msvcr100.dll+0x5c556]
C  [msvcr100.dll+0x5c600]
C  [KERNEL32.DLL+0x17ba9]
C  [ntdll.dll+0x6be3b]
C  [ntdll.dll+0x6bdbf]
C  0x00000000

Java frames: (J=compiled Java code, j=interpreted, Vv=VM code)
J 6119  jssc.SerialNativeInterface.readBytes(JI)[B (0 bytes) @ 0x04190f61 [0x04190f10+0x51]
J 6707% C1 jssc.SerialPort$EventThread.run()V (84 bytes) @ 0x03d983e0 [0x03d98110+0x2d0]
v  ~StubRoutines::call_stub

---------------  P R O C E S S  ---------------

Java Threads: ( => current thread )
=>0x29241000 JavaThread "EventThread COM3" [_thread_in_vm, id=11004, stack(0x037b0000,0x03800000)]
  0x29241800 JavaThread "DestroyJavaVM" [_thread_blocked, id=16468, stack(0x03990000,0x039e0000)]
  0x2923ec00 JavaThread "TimerQueue" daemon [_thread_blocked, id=19828, stack(0x2bee0000,0x2bf30000)]
  0x2923f800 JavaThread "AWT-EventQueue-0" [_thread_blocked, id=12204, stack(0x2a9a0000,0x2a9f0000)]
  0x29241c00 JavaThread "AWT-Shutdown" [_thread_blocked, id=20192, stack(0x2a910000,0x2a960000)]
  0x29242400 JavaThread "Batik CleanerThread" daemon [_thread_blocked, id=20128, stack(0x28a00000,0x28a50000)]
  0x29159800 JavaThread "JmDNS(W11-L-267P963-groupesebico-com.local.).State.Timer" [_thread_blocked, id=15284, stack(0x283e0000,0x28430000)]
  0x29159400 JavaThread "JmDNS(W11-L-267P963-groupesebico-com.local.).Timer" daemon [_thread_blocked, id=14956, stack(0x28350000,0x283a0000)]
  0x29158c00 JavaThread "SocketListener(W11-L-267P963-groupesebico-com.local.)" daemon [_thread_blocked, id=9636, stack(0x282c0000,0x28310000)]
  0x29044800 JavaThread "Multihomed mDNS.Timer" daemon [_thread_blocked, id=18756, stack(0x278c0000,0x27910000)]
  0x29045400 JavaThread "cc.arduino.packages.discoverers.serial.SerialDiscovery" [_thread_blocked, id=13460, stack(0x27d80000,0x27dd0000)]
  0x275bb400 JavaThread "AWT-Windows" daemon [_thread_blocked, id=18236, stack(0x27950000,0x279a0000)]
  0x275ba000 JavaThread "Java2D Disposer" daemon [_thread_blocked, id=21148, stack(0x27830000,0x27880000)]
  0x26d21000 JavaThread "Service Thread" daemon [_thread_blocked, id=17688, stack(0x27210000,0x27260000)]
  0x26d1cc00 JavaThread "C1 CompilerThread0" daemon [_thread_blocked, id=12616, stack(0x27180000,0x271d0000)]
  0x26d2b000 JavaThread "Attach Listener" daemon [_thread_blocked, id=6008, stack(0x270f0000,0x27140000)]
  0x26d29000 JavaThread "Signal Dispatcher" daemon [_thread_blocked, id=12656, stack(0x27060000,0x270b0000)]
  0x26d0c400 JavaThread "Finalizer" daemon [_thread_blocked, id=6772, stack(0x26480000,0x264d0000)]
  0x26d06400 JavaThread "Reference Handler" daemon [_thread_blocked, id=11388, stack(0x263f0000,0x26440000)]

Other Threads:
  0x26cf0c00 VMThread [stack: 0x05d80000,0x05dd0000] [id=10840]
  0x26d24000 WatcherThread [stack: 0x272a0000,0x272f0000] [id=2684]

VM state:synchronizing (normal execution)

VM Mutex/Monitor currently owned by a thread:  ([mutex/lock_event])
[0x0384dfa8] Threads_lock - owner thread: 0x26cf0c00
[0x0384e078] Heap_lock - owner thread: 0x29159800

Heap:
 def new generation   total 157248K, used 157247K [0x05e00000, 0x108a0000, 0x108a0000)
  eden space 139776K,  99% used [0x05e00000, 0x0e67fff8, 0x0e680000)
  from space 17472K,  99% used [0x0e680000, 0x0f78ffe8, 0x0f790000)
  to   space 17472K,   0% used [0x0f790000, 0x0f790000, 0x108a0000)
 tenured generation   total 349568K, used 349567K [0x108a0000, 0x25e00000, 0x25e00000)
   the space 349568K,  99% used [0x108a0000, 0x25dffff0, 0x25e00000, 0x25e00000)
 Metaspace       used 22669K, capacity 23188K, committed 23296K, reserved 23936K

Card table byte_map: [0x05c70000,0x05d80000] byte_map_base: 0x05c41000

Polling page: 0x03760000

CodeCache: size=32768Kb used=2155Kb max_used=5427Kb free=30612Kb
 bounds [0x03c70000, 0x041c0000, 0x05c70000]
 total_blobs=1297 nmethods=1013 adapters=213
 compilation: enabled

Compilation events (10 events):
Event: 3936.478 Thread 0x26d1cc00 30360             javax.swing.text.GapContent$MarkVector::elementAt (43 bytes)
Event: 3936.479 Thread 0x26d1cc00 nmethod 30360 0x0414b308 code [0x0414b410, 0x0414b520]
Event: 3936.479 Thread 0x26d1cc00 30361             javax.swing.text.GapContent$MarkVector::size (17 bytes)
Event: 3936.479 Thread 0x26d1cc00 nmethod 30361 0x03d9bf48 code [0x03d9c040, 0x03d9c100]
Event: 3936.479 Thread 0x26d1cc00 30362             javax.swing.text.GapContent$MarkVector::getArrayLength (14 bytes)
Event: 3936.479 Thread 0x26d1cc00 nmethod 30362 0x03ee9188 code [0x03ee9280, 0x03ee9330]
Event: 3936.479 Thread 0x26d1cc00 30363             javax.swing.text.GapContent::createPosition (188 bytes)
Event: 3936.480 Thread 0x26d1cc00 nmethod 30363 0x04197048 code [0x041971c0, 0x0419779c]
Event: 3936.480 Thread 0x26d1cc00 30364   !         java.lang.ref.ReferenceQueue::poll (28 bytes)
Event: 3936.480 Thread 0x26d1cc00 nmethod 30364 0x03eb6048 code [0x03eb6150, 0x03eb637c]

GC Heap History (10 events):
Event: 3963.132 GC heap before
{Heap before GC invocations=3502 (full 2544):
 def new generation   total 157248K, used 157247K [0x05e00000, 0x108a0000, 0x108a0000)
  eden space 139776K,  99% used [0x05e00000, 0x0e67fff8, 0x0e680000)
  from space 17472K,  99% used [0x0e680000, 0x0f78ffd8, 0x0f790000)
  to   space 17472K,   0% used [0x0f790000, 0x0f790000, 0x108a0000)
 tenured generation   total 349568K, used 349567K [0x108a0000, 0x25e00000, 0x25e00000)
   the space 349568K,  99% used [0x108a0000, 0x25dffff0, 0x25e00000, 0x25e00000)
 Metaspace       used 22669K, capacity 23188K, committed 23296K, reserved 23936K
Event: 3963.546 GC heap after
Heap after GC invocations=3503 (full 2545):
 def new generation   total 157248K, used 157247K [0x05e00000, 0x108a0000, 0x108a0000)
  eden space 139776K,  99% used [0x05e00000, 0x0e67ffd8, 0x0e680000)
  from space 17472K,  99% used [0x0e680000, 0x0f78ffa8, 0x0f790000)
  to   space 17472K,   0% used [0x0f790000, 0x0f790000, 0x108a0000)
 tenured generation   total 349568K, used 349567K [0x108a0000, 0x25e00000, 0x25e00000)
   the space 349568K,  99% used [0x108a0000, 0x25dffff0, 0x25e00000, 0x25e00000)
 Metaspace       used 22669K, capacity 23188K, committed 23296K, reserved 23936K
}
Event: 3963.546 GC heap before
{Heap before GC invocations=3503 (full 2545):
 def new generation   total 157248K, used 157247K [0x05e00000, 0x108a0000, 0x108a0000)
  eden space 139776K,  99% used [0x05e00000, 0x0e67fff8, 0x0e680000)
  from space 17472K,  99% used [0x0e680000, 0x0f78ffe8, 0x0f790000)
  to   space 17472K,   0% used [0x0f790000, 0x0f790000, 0x108a0000)
 tenured generation   total 349568K, used 349567K [0x108a0000, 0x25e00000, 0x25e00000)
   the space 349568K,  99% used [0x108a0000, 0x25dffff0, 0x25e00000, 0x25e00000)
 Metaspace       used 22669K, capacity 23188K, committed 23296K, reserved 23936K
Event: 3964.010 GC heap after
Heap after GC invocations=3504 (full 2546):
 def new generation   total 157248K, used 157247K [0x05e00000, 0x108a0000, 0x108a0000)
  eden space 139776K,  99% used [0x05e00000, 0x0e67fff8, 0x0e680000)
  from space 17472K,  99% used [0x0e680000, 0x0f78ffe8, 0x0f790000)
  to   space 17472K,   0% used [0x0f790000, 0x0f790000, 0x108a0000)
 tenured generation   total 349568K, used 349567K [0x108a0000, 0x25e00000, 0x25e00000)
   the space 349568K,  99% used [0x108a0000, 0x25dffff0, 0x25e00000, 0x25e00000)
 Metaspace       used 22669K, capacity 23188K, committed 23296K, reserved 23936K
}
Event: 3964.010 GC heap before
{Heap before GC invocations=3504 (full 2546):
 def new generation   total 157248K, used 157247K [0x05e00000, 0x108a0000, 0x108a0000)
  eden space 139776K,  99% used [0x05e00000, 0x0e67fff8, 0x0e680000)
  from space 17472K,  99% used [0x0e680000, 0x0f78ffe8, 0x0f790000)
  to   space 17472K,   0% used [0x0f790000, 0x0f790000, 0x108a0000)
 tenured generation   total 349568K, used 349567K [0x108a0000, 0x25e00000, 0x25e00000)
   the space 349568K,  99% used [0x108a0000, 0x25dffff0, 0x25e00000, 0x25e00000)
 Metaspace       used 22669K, capacity 23188K, committed 23296K, reserved 23936K
Event: 3964.433 GC heap after
Heap after GC invocations=3505 (full 2547):
 def new generation   total 157248K, used 157247K [0x05e00000, 0x108a0000, 0x108a0000)
  eden space 139776K,  99% used [0x05e00000, 0x0e67fff8, 0x0e680000)
  from space 17472K,  99% used [0x0e680000, 0x0f78ffe8, 0x0f790000)
  to   space 17472K,   0% used [0x0f790000, 0x0f790000, 0x108a0000)
 tenured generation   total 349568K, used 349567K [0x108a0000, 0x25e00000, 0x25e00000)
   the space 349568K,  99% used [0x108a0000, 0x25dffff0, 0x25e00000, 0x25e00000)
 Metaspace       used 22669K, capacity 23188K, committed 23296K, reserved 23936K
}
Event: 3964.435 GC heap before
{Heap before GC invocations=3505 (full 2547):
 def new generation   total 157248K, used 157247K [0x05e00000, 0x108a0000, 0x108a0000)
  eden space 139776K,  99% used [0x05e00000, 0x0e67fff8, 0x0e680000)
  from space 17472K,  99% used [0x0e680000, 0x0f78ffe8, 0x0f790000)
  to   space 17472K,   0% used [0x0f790000, 0x0f790000, 0x108a0000)
 tenured generation   total 349568K, used 349567K [0x108a0000, 0x25e00000, 0x25e00000)
   the space 349568K,  99% used [0x108a0000, 0x25dffff0, 0x25e00000, 0x25e00000)
 Metaspace       used 22669K, capacity 23188K, committed 23296K, reserved 23936K
Event: 3964.825 GC heap after
Heap after GC invocations=3506 (full 2548):
 def new generation   total 157248K, used 157247K [0x05e00000, 0x108a0000, 0x108a0000)
  eden space 139776K,  99% used [0x05e00000, 0x0e67fff8, 0x0e680000)
  from space 17472K,  99% used [0x0e680000, 0x0f78ffe8, 0x0f790000)
  to   space 17472K,   0% used [0x0f790000, 0x0f790000, 0x108a0000)
 tenured generation   total 349568K, used 349567K [0x108a0000, 0x25e00000, 0x25e00000)
   the space 349568K,  99% used [0x108a0000, 0x25dffff0, 0x25e00000, 0x25e00000)
 Metaspace       used 22669K, capacity 23188K, committed 23296K, reserved 23936K
}
Event: 3964.825 GC heap before
{Heap before GC invocations=3506 (full 2548):
 def new generation   total 157248K, used 157247K [0x05e00000, 0x108a0000, 0x108a0000)
  eden space 139776K,  99% used [0x05e00000, 0x0e67fff8, 0x0e680000)
  from space 17472K,  99% used [0x0e680000, 0x0f78ffe8, 0x0f790000)
  to   space 17472K,   0% used [0x0f790000, 0x0f790000, 0x108a0000)
 tenured generation   total 349568K, used 349567K [0x108a0000, 0x25e00000, 0x25e00000)
   the space 349568K,  99% used [0x108a0000, 0x25dffff0, 0x25e00000, 0x25e00000)
 Metaspace       used 22669K, capacity 23188K, committed 23296K, reserved 23936K
Event: 3965.214 GC heap after
Heap after GC invocations=3507 (full 2549):
 def new generation   total 157248K, used 157247K [0x05e00000, 0x108a0000, 0x108a0000)
  eden space 139776K,  99% used [0x05e00000, 0x0e67fff8, 0x0e680000)
  from space 17472K,  99% used [0x0e680000, 0x0f78ffe8, 0x0f790000)
  to   space 17472K,   0% used [0x0f790000, 0x0f790000, 0x108a0000)
 tenured generation   total 349568K, used 349567K [0x108a0000, 0x25e00000, 0x25e00000)
   the space 349568K,  99% used [0x108a0000, 0x25dffff0, 0x25e00000, 0x25e00000)
 Metaspace       used 22669K, capacity 23188K, committed 23296K, reserved 23936K
}

Deoptimization events (0 events):
No events

Classes redefined (0 events):
No events

Internal exceptions (10 events):
Event: 1112.165 Thread 0x29240c00 Exception <a 'sun/nio/fs/WindowsException'> (0x095f2c38) thrown at [C:\workspace\8-2-build-windows-i586-cygwin\jdk8u191\11896\hotspot\src\share\vm\prims\jni.cpp, line 709]
Event: 1112.170 Thread 0x29240c00 Exception <a 'sun/nio/fs/WindowsException'> (0x0960c720) thrown at [C:\workspace\8-2-build-windows-i586-cygwin\jdk8u191\11896\hotspot\src\share\vm\prims\jni.cpp, line 709]
Event: 1112.170 Thread 0x29240c00 Exception <a 'sun/nio/fs/WindowsException'> (0x0960ce48) thrown at [C:\workspace\8-2-build-windows-i586-cygwin\jdk8u191\11896\hotspot\src\share\vm\prims\jni.cpp, line 709]
Event: 1112.174 Thread 0x29240c00 Exception <a 'sun/nio/fs/WindowsException'> (0x09623710) thrown at [C:\workspace\8-2-build-windows-i586-cygwin\jdk8u191\11896\hotspot\src\share\vm\prims\jni.cpp, line 709]
Event: 1112.174 Thread 0x29240c00 Exception <a 'sun/nio/fs/WindowsException'> (0x09623db8) thrown at [C:\workspace\8-2-build-windows-i586-cygwin\jdk8u191\11896\hotspot\src\share\vm\prims\jni.cpp, line 709]
Event: 1112.179 Thread 0x29240c00 Exception <a 'sun/nio/fs/WindowsException'> (0x096511c0) thrown at [C:\workspace\8-2-build-windows-i586-cygwin\jdk8u191\11896\hotspot\src\share\vm\prims\jni.cpp, line 709]
Event: 1112.179 Thread 0x29240c00 Exception <a 'sun/nio/fs/WindowsException'> (0x096518f8) thrown at [C:\workspace\8-2-build-windows-i586-cygwin\jdk8u191\11896\hotspot\src\share\vm\prims\jni.cpp, line 709]
Event: 3953.830 Thread 0x29159800 Exception <a 'java/lang/OutOfMemoryError'> (0x109287b0) thrown at [C:\workspace\8-2-build-windows-i586-cygwin\jdk8u191\11896\hotspot\src\share\vm\gc_interface/collectedHeap.inline.hpp, line 159]
Event: 3964.435 Thread 0x29241000 Exception <a 'java/lang/OutOfMemoryError'> (0x10928790) thrown at [C:\workspace\8-2-build-windows-i586-cygwin\jdk8u191\11896\hotspot\src\share\vm\gc_interface/collectedHeap.inline.hpp, line 159]
Event: 3965.215 Thread 0x29044800 Exception <a 'java/lang/OutOfMemoryError'> (0x10928770) thrown at [C:\workspace\8-2-build-windows-i586-cygwin\jdk8u191\11896\hotspot\src\share\vm\gc_interface/collectedHeap.inline.hpp, line 159]

Events (10 events):
Event: 3962.704 Executing VM operation: GenCollectForAllocation done
Event: 3962.704 Executing VM operation: GenCollectForAllocation
Event: 3963.131 Executing VM operation: GenCollectForAllocation done
Event: 3963.131 Executing VM operation: GenCollectForAllocation
Event: 3963.546 Executing VM operation: GenCollectForAllocation done
Event: 3963.546 Executing VM operation: GenCollectForAllocation
Event: 3964.433 Executing VM operation: GenCollectForAllocation done
Event: 3964.433 Executing VM operation: GenCollectForAllocation
Event: 3965.214 Executing VM operation: GenCollectForAllocation done
Event: 3965.215 Executing VM operation: GenCollectForAllocation


Dynamic libraries:
0x00240000 - 0x00273000 	C:\Program Files (x86)\Arduino\java\bin\javaw.exe
0x01bb0000 - 0x01d61000 	C:\WINDOWS\SYSTEM32\ntd1l.dll
0x01d70000 - 0x01e60000 	C:\WINDOWS\System32\kern3l32.dll
0x76ed0000 - 0x77081000 	C:\WINDOWS\SYSTEM32\ntdll.dll
0x750e0000 - 0x751d0000 	C:\WINDOWS\System32\KERNEL32.DLL
0x76b20000 - 0x76d95000 	C:\WINDOWS\System32\KERNELBASE.dll
0x748a0000 - 0x74b29000 	C:\Program Files\SentinelOne\Sentinel Agent 23.1.5.886\InProcessClient32.dll
0x751d0000 - 0x7524f000 	C:\WINDOWS\System32\ADVAPI32.dll
0x74b40000 - 0x74c04000 	C:\WINDOWS\System32\msvcrt.dll
0x74ff0000 - 0x75075000 	C:\WINDOWS\System32\sechost.dll
0x76700000 - 0x7671a000 	C:\WINDOWS\System32\bcrypt.dll
0x76da0000 - 0x76e5a000 	C:\WINDOWS\System32\RPCRT4.dll
0x755b0000 - 0x75759000 	C:\WINDOWS\System32\USER32.dll
0x76660000 - 0x7667a000 	C:\WINDOWS\System32\win32u.dll
0x75250000 - 0x75273000 	C:\WINDOWS\System32\GDI32.dll
0x76510000 - 0x765f2000 	C:\WINDOWS\System32\gdi32full.dll
0x753c0000 - 0x75439000 	C:\WINDOWS\System32\msvcp_win.dll
0x76720000 - 0x76832000 	C:\WINDOWS\System32\ucrtbase.dll
0x72940000 - 0x72b68000 	C:\WINDOWS\WinSxS\x86_microsoft.windows.common-controls_6595b64144ccf1df_6.0.22621.3235_none_6ebcabb88802389e\COMCTL32.dll
0x74890000 - 0x74898000 	C:\WINDOWS\SYSTEM32\VERSION.dll
0x74880000 - 0x74889000 	C:\WINDOWS\SYSTEM32\FLTLIB.DLL
0x75390000 - 0x753b5000 	C:\WINDOWS\System32\IMM32.DLL
0x708a0000 - 0x7095f000 	C:\Program Files (x86)\Arduino\java\bin\msvcr100.dll
0x70050000 - 0x70423000 	C:\Program Files (x86)\Arduino\java\bin\client\jvm.dll
0x74f90000 - 0x74f96000 	C:\WINDOWS\System32\PSAPI.DLL
0x72e90000 - 0x72e98000 	C:\WINDOWS\SYSTEM32\WSOCK32.dll
0x75080000 - 0x750df000 	C:\WINDOWS\System32\WS2_32.dll
0x718e0000 - 0x71911000 	C:\WINDOWS\SYSTEM32\WINMM.dll
0x72e60000 - 0x72e90000 	C:\Program Files (x86)\Arduino\java\bin\splashscreen.dll
0x728b0000 - 0x7292f000 	C:\WINDOWS\system32\uxtheme.dll
0x74c10000 - 0x74e8c000 	C:\WINDOWS\System32\combase.dll
0x03750000 - 0x0375c000 	C:\Program Files (x86)\Arduino\java\bin\verify.dll
0x712f0000 - 0x71312000 	C:\Program Files (x86)\Arduino\java\bin\java.dll
0x74e90000 - 0x74f8f000 	C:\WINDOWS\System32\MSCTF.dll
0x70830000 - 0x70895000 	C:\Program Files\SentinelOne\Sentinel Agent 23.1.5.886\SentinelJava32.dll
0x762e0000 - 0x76435000 	C:\WINDOWS\System32\ole32.dll
0x710c0000 - 0x710d4000 	C:\Program Files (x86)\Arduino\java\bin\zip.dll
0x74110000 - 0x74123000 	C:\WINDOWS\SYSTEM32\kernel.appcore.dll
0x764a0000 - 0x76502000 	C:\WINDOWS\System32\bcryptPrimitives.dll
0x71320000 - 0x71419000 	C:\WINDOWS\SYSTEM32\textinputframework.dll
0x76920000 - 0x769bc000 	C:\WINDOWS\System32\OLEAUT32.dll
0x70610000 - 0x706de000 	C:\WINDOWS\SYSTEM32\CoreMessaging.dll
0x6fdb0000 - 0x70041000 	C:\WINDOWS\SYSTEM32\CoreUIComponents.dll
0x74040000 - 0x74107000 	C:\WINDOWS\SYSTEM32\wintypes.dll
0x73bb0000 - 0x73bbb000 	C:\WINDOWS\SYSTEM32\CRYPTBASE.DLL
0x75c40000 - 0x762d9000 	C:\WINDOWS\System32\SHELL32.dll
0x74130000 - 0x7481f000 	C:\WINDOWS\SYSTEM32\windows.storage.dll
0x76a50000 - 0x76b11000 	C:\WINDOWS\System32\SHCORE.dll
0x74fa0000 - 0x74feb000 	C:\WINDOWS\System32\shlwapi.dll
0x73e90000 - 0x73ea9000 	C:\WINDOWS\SYSTEM32\profapi.dll
0x61940000 - 0x619b3000 	C:\Program Files (x86)\Arduino\lib\listSerialsj.dll
0x75760000 - 0x75b9d000 	C:\WINDOWS\System32\SETUPAPI.dll
0x73eb0000 - 0x73eed000 	C:\WINDOWS\SYSTEM32\cfgmgr32.DLL
0x70810000 - 0x7082d000 	C:\Program Files (x86)\Arduino\lib\jnidispatch-4.2.2-win32-x86.dll
0x707f0000 - 0x70805000 	C:\Program Files (x86)\Arduino\java\bin\net.dll
0x74820000 - 0x74871000 	C:\WINDOWS\system32\mswsock.dll
0x72100000 - 0x7210f000 	C:\Program Files (x86)\Arduino\java\bin\nio.dll
0x704c0000 - 0x70607000 	C:\Program Files (x86)\Arduino\java\bin\awt.dll
0x6fd00000 - 0x6fda6000 	C:\WINDOWS\SYSTEM32\apphelp.dll
0x727b0000 - 0x727d4000 	C:\WINDOWS\system32\DWMAPI.DLL
0x70480000 - 0x704b9000 	C:\Program Files (x86)\Arduino\java\bin\fontmanager.dll
0x6fc20000 - 0x6fd00000 	C:\WINDOWS\system32\opengl32.dll
0x6fbd0000 - 0x6fc12000 	C:\WINDOWS\SYSTEM32\GLU32.dll
0x71d10000 - 0x71d3e000 	C:\WINDOWS\SYSTEM32\dxcore.dll
0x6f900000 - 0x6f932000 	C:\Program Files (x86)\Arduino\java\bin\t2k.dll
0x73a10000 - 0x73a34000 	C:\WINDOWS\SYSTEM32\DEVOBJ.dll
0x76600000 - 0x76657000 	C:\WINDOWS\System32\WINTRUST.dll
0x27f70000 - 0x28073000 	C:\WINDOWS\System32\CRYPT32.dll
0x73ac0000 - 0x73ace000 	C:\WINDOWS\SYSTEM32\MSASN1.dll
0x73a60000 - 0x73a84000 	C:\WINDOWS\SYSTEM32\IPHLPAPI.DLL
0x766f0000 - 0x766f7000 	C:\WINDOWS\System32\NSI.dll
0x739f0000 - 0x73a06000 	C:\WINDOWS\SYSTEM32\dhcpcsvc6.DLL
0x73a40000 - 0x73a57000 	C:\WINDOWS\SYSTEM32\dhcpcsvc.DLL
0x73930000 - 0x739ed000 	C:\WINDOWS\SYSTEM32\DNSAPI.dll
0x73b60000 - 0x73b75000 	C:\WINDOWS\SYSTEM32\CRYPTSP.dll
0x73b30000 - 0x73b60000 	C:\WINDOWS\system32\rsaenh.dll
0x73780000 - 0x7379f000 	C:\WINDOWS\SYSTEM32\USERENV.dll
0x6f8e0000 - 0x6f8f2000 	C:\WINDOWS\system32\napinsp.dll
0x6f8c0000 - 0x6f8d6000 	C:\WINDOWS\system32\pnrpnsp.dll
0x710b0000 - 0x710be000 	C:\WINDOWS\System32\winrnr.dll
0x6f8a0000 - 0x6f8b1000 	C:\WINDOWS\system32\wshbth.dll
0x6f880000 - 0x6f898000 	C:\WINDOWS\system32\nlansp_c.dll
0x736d0000 - 0x7372d000 	C:\WINDOWS\System32\fwpuclnt.dll
0x736c0000 - 0x736c8000 	C:\Windows\System32\rasadhlp.dll
0x6f4c0000 - 0x6f4e0000 	C:\Program Files (x86)\Arduino\java\bin\sunec.dll
0x707e0000 - 0x707e9000 	C:\Program Files (x86)\Arduino\java\bin\sunmscapi.dll
0x6f810000 - 0x6f879000 	C:\Program Files (x86)\Arduino\msvcp100.dll
0x6f750000 - 0x6f80e000 	C:\Program Files (x86)\Arduino\msvcr100.dll
0x27dd0000 - 0x27e02000 	C:\Program Files (x86)\Arduino\lib\AStylej.dll
0x6f720000 - 0x6f744000 	C:\Program Files (x86)\Arduino\java\bin\dcpr.dll
0x769c0000 - 0x76a42000 	C:\WINDOWS\System32\clbcatq.dll
0x710e0000 - 0x71240000 	C:\WINDOWS\SYSTEM32\WindowsCodecs.dll
0x6f6d0000 - 0x6f71c000 	C:\WINDOWS\system32\dataexchange.dll
0x6f4e0000 - 0x6f6cc000 	C:\WINDOWS\system32\twinapi.appcore.dll
0x6f460000 - 0x6f4b8000 	C:\WINDOWS\system32\Ninput.dll
0x64000000 - 0x6401b000 	C:\Program Files (x86)\Arduino\lib\jSSC-2.8_x86.dll
0x6f280000 - 0x6f456000 	C:\WINDOWS\SYSTEM32\dbghelp.dll

VM Arguments:
jvm_args: -Dsun.java2d.d3d=false -Djna.nosys=true -Djna.nounpack=true -Djna.boot.library.name=jnidispatch-4.2.2-win32-x86 -Djna.boot.library.path=C:\Program Files (x86)\Arduino/lib -Djssc.library.path=C:\Program Files (x86)\Arduino/lib -DAPP_DIR=C:\Program Files (x86)\Arduino -Xms128M -Xmx512M -Dfile.encoding=UTF8 -Djava.net.preferIPv4Stack=true -agentpath:C:\Program Files\SentinelOne\Sentinel Agent 23.1.5.886\SentinelJava32.dll=extendedCapabilities 
java_command: processing.app.Base C:\Users\main_vb\OneDrive - ETABLISSEMENTS SEBICO\Documents\Arduino\interface_vibration331_i2c\interface_vibration331_i2c.ino
java_class_path (initial): C:\Program Files (x86)\Arduino\lib\apple.jar;C:\Program Files (x86)\Arduino\lib\arduino-core.jar;C:\Program Files (x86)\Arduino\lib\batik-1.8.jar;C:\Program Files (x86)\Arduino\lib\batik-anim-1.8.jar;C:\Program Files (x86)\Arduino\lib\batik-awt-util-1.8.jar;C:\Program Files (x86)\Arduino\lib\batik-bridge-1.8.jar;C:\Program Files (x86)\Arduino\lib\batik-codec-1.8.jar;C:\Program Files (x86)\Arduino\lib\batik-css-1.8.jar;C:\Program Files (x86)\Arduino\lib\batik-dom-1.8.jar;C:\Program Files (x86)\Arduino\lib\batik-ext-1.8.jar;C:\Program Files (x86)\Arduino\lib\batik-gvt-1.8.jar;C:\Program Files (x86)\Arduino\lib\batik-parser-1.8.jar;C:\Program Files (x86)\Arduino\lib\batik-rasterizer-1.8.jar;C:\Program Files (x86)\Arduino\lib\batik-script-1.8.jar;C:\Program Files (x86)\Arduino\lib\batik-squiggle-1.8.jar;C:\Program Files (x86)\Arduino\lib\batik-svg-dom-1.8.jar;C:\Program Files (x86)\Arduino\lib\batik-svgpp-1.8.jar;C:\Program Files (x86)\Arduino\lib\batik-transcoder-1.8.jar;C:\Program Files (x86)\Arduino\lib\batik-util-1.8.jar;C:\Program Files (x86)\Arduino\lib\batik-xml-1.8.jar;C:\Program Files (x86)\Arduino\lib\bcpg-jdk15on-152.jar;C:\Program Files (x86)\Arduino\lib\bcprov-jdk15on-152.jar;C:\Program Files (x86)\Arduino\lib\commons-codec-1.7.jar;C:\Program Files (x86)\Arduino\lib\commons-compress-1.8.jar;C:\Program Files (x86)\Arduino\lib\commons-exec-1.1.jar;C:\Program Files (x86)\Arduino\lib\commons-httpclient-3.1.jar;C:\Program Files (x86)\Arduino\lib\commons-lang3-3.8.1.jar;C:\Program Files (x86)\Arduino\lib\commons-logging-1.0.4.jar;C:\Program Files (x86)\Arduino\lib\commons-net-3.3.jar;C:\Program Files (x86)\Arduino\lib\commons-io-2.6.jar;C:\Program Files (x86)\Arduino\lib\jackson-annotations-2.9.5.jar;C:\Program Files (x86)\Arduino\lib\jackson-core-2.9.5.jar;C:\Program Files (x86)\Arduino\lib\jackson-databind-2.9.5.jar;C:\Program Files (x86)\Arduino\lib\java-semver-0.8.0.jar;C:\Program Files (x86)\Arduino\lib\jmdns-3.5.5.jar;C:\Program
Launcher Type: SUN_STANDARD

Environment Variables:
PATH=C:\WINDOWS\system32;C:\WINDOWS;C:\WINDOWS\System32\Wbem;C:\WINDOWS\System32\WindowsPowerShell\v1.0\;C:\WINDOWS\System32\OpenSSH\;C:\Program Files\dotnet\;C:\Users\main_vb\AppData\Local\Microsoft\WindowsApps;;C:\Program Files (x86)\Arduino\java\bin
USERNAME=main_vb
OS=Windows_NT
PROCESSOR_IDENTIFIER=Intel64 Family 6 Model 142 Stepping 12, GenuineIntel



---------------  S Y S T E M  ---------------

OS: Windows 10.0 , 64 bit Build 22621 (10.0.22621.3374)

CPU:total 8 (initial active 8) (4 cores per cpu, 2 threads per core) family 6 model 142 stepping 12, cmov, cx8, fxsr, mmx, sse, sse2, sse3, ssse3, sse4.1, sse4.2, popcnt, avx, avx2, aes, clmul, erms, 3dnowpref, lzcnt, ht, tsc, tscinvbit, bmi1, bmi2, adx

Memory: 4k page, physical 8143556k(595500k free), swap 20857240k(3879232k free)

vm_info: Java HotSpot(TM) Client VM (25.191-b12) for windows-x86 JRE (1.8.0_191-b12), built on Oct  6 2018 08:34:23 by "java_re" with MS VC++ 10.0 (VS2010)

time: Thu Apr 25 09:51:32 2024
elapsed time: 3965 seconds (0d 1h 6m 5s)

